<?xml version="1.0" encoding="UTF-8"?>
<testng-results ignored="0" total="1" passed="1" failed="0" skipped="0">
  <reporter-output>
  </reporter-output>
  <suite started-at="2023-07-15T17:59:58 IST" name="Default suite" finished-at="2023-07-15T18:00:06 IST" duration-ms="7585">
    <groups>
      <group name="cucumber">
        <method signature="AbstractTestNGCucumberTests.runScenario(io.cucumber.testng.PickleWrapper,io.cucumber.testng.FeatureWrapper)[pri:0, instance:com.auto.learn.testrunner.TestRunner$TestRunnner@1ed6388a]" name="runScenario" class="io.cucumber.testng.AbstractTestNGCucumberTests"/>
      </group> <!-- cucumber -->
    </groups>
    <test started-at="2023-07-15T17:59:58 IST" name="Default test" finished-at="2023-07-15T18:00:06 IST" duration-ms="7585">
      <class name="com.auto.learn.testrunner.TestRunner$TestRunnner">
        <test-method is-config="true" signature="setUpClass()[pri:0, instance:com.auto.learn.testrunner.TestRunner$TestRunnner@1ed6388a]" started-at="2023-07-15T17:59:58 IST" name="setUpClass" finished-at="2023-07-15T17:59:59 IST" duration-ms="624" status="PASS">
          <reporter-output>
          </reporter-output>
        </test-method> <!-- setUpClass -->
        <test-method signature="runScenario(io.cucumber.testng.PickleWrapper,io.cucumber.testng.FeatureWrapper)[pri:0, instance:com.auto.learn.testrunner.TestRunner$TestRunnner@1ed6388a]" started-at="2023-07-15T17:59:59 IST" name="runScenario" description="Runs Cucumber Scenarios" data-provider="scenarios" finished-at="2023-07-15T18:00:05 IST" duration-ms="6732" status="PASS">
          <params>
            <param index="0">
              <value>
                <![CDATA["verify user can able to filter the items high to low"]]>
              </value>
            </param>
            <param index="1">
              <value>
                <![CDATA["Optional[Filter page functionality]"]]>
              </value>
            </param>
          </params>
          <reporter-output>
          </reporter-output>
        </test-method> <!-- runScenario -->
        <test-method is-config="true" signature="tearDownClass()[pri:0, instance:com.auto.learn.testrunner.TestRunner$TestRunnner@1ed6388a]" started-at="2023-07-15T18:00:05 IST" name="tearDownClass" finished-at="2023-07-15T18:00:06 IST" duration-ms="189" status="PASS">
          <reporter-output>
          </reporter-output>
        </test-method> <!-- tearDownClass -->
      </class> <!-- com.auto.learn.testrunner.TestRunner$TestRunnner -->
    </test> <!-- Default test -->
  </suite> <!-- Default suite -->
</testng-results>
